Hash: efa08c8f9472954b4965
Version: webpack 1.13.2
Time: 2779ms
     Asset     Size  Chunks             Chunk Names
crawler.js  10.2 kB       0  [emitted]  main
    + 7 hidden modules
Received valid state codes: AL,AK,AZ,AR,CA,CO,CT,DE,DC,FL,GA,HI,ID,IL,IN,IA,KS,KY,LA,ME,MD,MA,MI,MN,MS,MO,MT,NE,NV,NH,NJ,NM,NY,NC,ND,OH,OK,OR,PA,RI,SC,SD,TN,TX,UT,VT,VA,WA,WV,WI,WY
Received brewery count per state:
{ HI: '18',
  VT: '66',
  AL: '33',
  CO: '331',
  AR: '27',
  AZ: '88',
  AK: '30',
  CT: '70',
  ND: '11',
  ME: '83',
  MN: '145',
  VA: '166',
  RI: '19',
  WI: '172',
  CA: '716',
  KS: '38',
  WY: '28',
  IA: '66',
  OK: '26',
  IN: '138',
  KY: '39',
  WV: '18',
  ID: '53',
  NY: '315',
  IL: '216',
  MT: '64',
  SC: '53',
  WA: '335',
  MS: '14',
  TX: '217',
  MD: '85',
  NV: '41',
  TN: '68',
  GA: '59',
  FL: '230',
  OH: '156',
  NJ: '83',
  NC: '194',
  DC: '13',
  DE: '20',
  LA: '30',
  NE: '35',
  MI: '252',
  NH: '59',
  NM: '63',
  MA: '136',
  MO: '86',
  UT: '25',
  SD: '18',
  PA: '251',
  OR: '241' }
Received brewery links for every state: 5740 total breweries found.
